<?xml version="1.0" encoding="UTF-8"?>
<!-- Generated by org.testng.reporters.JUnitXMLReporter -->
<testsuite hostname="priya.bajwa" ignored="0" name="Default test" tests="3" failures="0" timestamp="08 Mar 2019 11:22:47 GMT" time="2.64" errors="0">
  <testcase name="cookieDirectProceed" time="0.102" classname="org.pages.tatoc.CookieHandlingTest"/>
  <testcase name="cookieGenerateTokenAndProceed" time="0.117" classname="org.pages.tatoc.CookieHandlingTest"/>
  <testcase name="cookieSetProperly" time="0.126" classname="org.pages.tatoc.CookieHandlingTest"/>
</testsuite> <!-- Default test -->
