<?xml version="1.0" encoding="UTF-8"?>
<!-- Generated by org.testng.reporters.JUnitXMLReporter -->
<testsuite hostname="priya.bajwa" ignored="0" name="Default test" tests="3" failures="0" timestamp="18 Mar 2019 08:59:08 GMT" time="2.889" errors="0">
  <testcase name="cookieDirectProceed" time="0.089" classname="org.pages.tatoc.CookieHandlingTest"/>
  <testcase name="cookieGenerateTokenAndProceed" time="0.07" classname="org.pages.tatoc.CookieHandlingTest"/>
  <testcase name="cookieSetProperly" time="0.157" classname="org.pages.tatoc.CookieHandlingTest"/>
</testsuite> <!-- Default test -->
