<?xml version="1.0" encoding="UTF-8"?>
<!-- Generated by org.testng.reporters.JUnitXMLReporter -->
<testsuite hostname="priya.bajwa" ignored="0" name="Command line test" tests="4" failures="0" timestamp="08 Mar 2019 09:48:58 GMT" time="2.324" errors="0">
  <testcase name="simpleTest" time="0.001" classname="org.pages.tatoc.AppTest"/>
  <testcase name="cookieDirectProceed" time="0.1" classname="org.pages.tatoc.CookieHandlingTest"/>
  <testcase name="cookieGenerateTokenAndProceed" time="0.099" classname="org.pages.tatoc.CookieHandlingTest"/>
  <testcase name="cookieSetProperly" time="0.134" classname="org.pages.tatoc.CookieHandlingTest"/>
</testsuite> <!-- Command line test -->
