<?xml version="1.0" encoding="UTF-8"?>
<!-- Generated by org.testng.reporters.JUnitXMLReporter -->
<testsuite hostname="priya.bajwa" ignored="0" name="Allclasses" tests="16" failures="0" timestamp="08 Mar 2019 05:53:52 GMT" time="2.406" errors="0">
  <testcase name="@BeforeTest beforeMethod" time="0.0" classname="org.pages.tatoc.DragAndDrop">
    <failure type="org.testng.TestNGException" message="
Parameter &amp;apos;url&amp;apos; is required by BeforeTest on method beforeMethod but has not been marked @Optional or defined
in /home/qainfotech/eclipse-workspace/tatoc/testng.xml">
      <![CDATA[org.testng.TestNGException: 
Parameter 'url' is required by BeforeTest on method beforeMethod but has not been marked @Optional or defined
in /home/qainfotech/eclipse-workspace/tatoc/testng.xml
at java.util.concurrent.FutureTask.run(FutureTask.java:266)
at java.util.concurrent.ThreadPoolExecutor.runWorker(ThreadPoolExecutor.java:1149)
at java.util.concurrent.ThreadPoolExecutor$Worker.run(ThreadPoolExecutor.java:624)
at java.lang.Thread.run(Thread.java:748)
... Removed 12 stack frames]]>
    </failure>
  </testcase> <!-- @BeforeTest beforeMethod -->
  <testcase name="@BeforeTest beforeMethod" time="0.0" classname="org.pages.tatoc.FrameDungeon">
    <skipped/>
  </testcase> <!-- @BeforeTest beforeMethod -->
  <testcase name="@BeforeTest beforeMethod" time="0.0" classname="org.pages.tatoc.GridGate">
    <skipped/>
  </testcase> <!-- @BeforeTest beforeMethod -->
  <testcase name="@BeforeTest beforeMethod" time="0.0" classname="org.pages.tatoc.PopupWindows">
    <skipped/>
  </testcase> <!-- @BeforeTest beforeMethod -->
  <testcase name="@AfterTest afterMethod" time="0.0" classname="org.pages.tatoc.CookieHandling">
    <skipped/>
  </testcase> <!-- @AfterTest afterMethod -->
  <testcase name="@AfterTest afterMethod" time="0.0" classname="org.pages.tatoc.DragAndDrop">
    <skipped/>
  </testcase> <!-- @AfterTest afterMethod -->
  <testcase name="@AfterTest afterMethod" time="0.0" classname="org.pages.tatoc.FrameDungeon">
    <skipped/>
  </testcase> <!-- @AfterTest afterMethod -->
  <testcase name="@AfterTest afterMethod" time="0.0" classname="org.pages.tatoc.GridGate">
    <skipped/>
  </testcase> <!-- @AfterTest afterMethod -->
  <testcase name="@AfterTest afterMethod" time="0.0" classname="org.pages.tatoc.PopupWindows">
    <skipped/>
  </testcase> <!-- @AfterTest afterMethod -->
  <testcase name="opensNextPage" time="0.0" classname="org.pages.tatoc.GridGate">
    <skipped/>
  </testcase> <!-- opensNextPage -->
  <testcase name="proceedToErrorPage" time="0.001" classname="org.pages.tatoc.GridGate">
    <skipped/>
  </testcase> <!-- proceedToErrorPage -->
  <testcase name="directlyProceed" time="0.0" classname="org.pages.tatoc.PopupWindows">
    <skipped/>
  </testcase> <!-- directlyProceed -->
  <testcase name="launchPopupWindow" time="0.0" classname="org.pages.tatoc.PopupWindows">
    <skipped/>
  </testcase> <!-- launchPopupWindow -->
  <testcase name="launchPopupWithoutValue" time="0.0" classname="org.pages.tatoc.PopupWindows">
    <skipped/>
  </testcase> <!-- launchPopupWithoutValue -->
  <testcase name="popUpWindowWithValue" time="0.0" classname="org.pages.tatoc.PopupWindows">
    <skipped/>
  </testcase> <!-- popUpWindowWithValue -->
  <testcase name="boxColourCheck" time="0.0" classname="org.pages.tatoc.FrameDungeon">
    <skipped/>
  </testcase> <!-- boxColourCheck -->
  <testcase name="clickRepaintBox2" time="0.0" classname="org.pages.tatoc.FrameDungeon">
    <skipped/>
  </testcase> <!-- clickRepaintBox2 -->
  <testcase name="proceedAfterRepaint" time="0.0" classname="org.pages.tatoc.FrameDungeon">
    <skipped/>
  </testcase> <!-- proceedAfterRepaint -->
  <testcase name="testmethod" time="0.0" classname="org.pages.tatoc.FrameDungeon">
    <skipped/>
  </testcase> <!-- testmethod -->
  <testcase name="testmethod" time="0.0" classname="org.pages.tatoc.FrameDungeon">
    <skipped/>
  </testcase> <!-- testmethod -->
  <testcase name="cookieDirectProceed" time="0.0" classname="org.pages.tatoc.CookieHandling">
    <skipped/>
  </testcase> <!-- cookieDirectProceed -->
  <testcase name="cookieGenerateTokenAndProceed" time="0.0" classname="org.pages.tatoc.CookieHandling">
    <skipped/>
  </testcase> <!-- cookieGenerateTokenAndProceed -->
  <testcase name="cookieSetProperly" time="0.0" classname="org.pages.tatoc.CookieHandling">
    <skipped/>
  </testcase> <!-- cookieSetProperly -->
  <testcase name="dragBoxOpensNextPage" time="0.0" classname="org.pages.tatoc.DragAndDrop">
    <skipped/>
  </testcase> <!-- dragBoxOpensNextPage -->
  <testcase name="dragBoxProceedsToErrorPage" time="0.0" classname="org.pages.tatoc.DragAndDrop">
    <skipped/>
  </testcase> <!-- dragBoxProceedsToErrorPage -->
</testsuite> <!-- Allclasses -->
