<?xml version="1.0" encoding="UTF-8"?>
<!-- Generated by org.testng.reporters.JUnitXMLReporter -->
<testsuite hostname="priya.bajwa" ignored="0" name="Chrome1" tests="7" failures="0" timestamp="08 Mar 2019 05:58:29 GMT" time="5.372" errors="0">
  <testcase name="cookieDirectProceed" time="0.076" classname="org.pages.tatoc.CookieHandling"/>
  <testcase name="cookieGenerateTokenAndProceed" time="0.116" classname="org.pages.tatoc.CookieHandling"/>
  <testcase name="cookieSetProperly" time="0.122" classname="org.pages.tatoc.CookieHandling"/>
  <testcase name="directlyProceed" time="0.095" classname="org.pages.tatoc.PopupWindows"/>
  <testcase name="launchPopupWindow" time="0.08" classname="org.pages.tatoc.PopupWindows"/>
  <testcase name="launchPopupWithoutValue" time="0.249" classname="org.pages.tatoc.PopupWindows"/>
  <testcase name="popUpWindowWithValue" time="0.251" classname="org.pages.tatoc.PopupWindows"/>
</testsuite> <!-- Chrome1 -->
