<?xml version="1.0" encoding="UTF-8"?>
<!-- Generated by org.testng.reporters.JUnitXMLReporter -->
<testsuite hostname="priya.bajwa" ignored="0" name="Chrome" tests="7" failures="0" timestamp="08 Mar 2019 05:58:34 GMT" time="4.745" errors="0">
  <testcase name="boxColourCheck" time="0.372" classname="org.pages.tatoc.FrameDungeon"/>
  <testcase name="clickRepaintBox2" time="0.172" classname="org.pages.tatoc.FrameDungeon"/>
  <testcase name="proceedAfterRepaint" time="0.202" classname="org.pages.tatoc.FrameDungeon"/>
  <testcase name="testmethod" time="0.001" classname="org.pages.tatoc.FrameDungeon"/>
  <testcase name="testmethod" time="0.001" classname="org.pages.tatoc.FrameDungeon"/>
  <testcase name="opensNextPage" time="0.209" classname="org.pages.tatoc.GridGate"/>
  <testcase name="proceedToErrorPage" time="0.141" classname="org.pages.tatoc.GridGate"/>
</testsuite> <!-- Chrome -->
