<?xml version="1.0" encoding="UTF-8"?>
<!-- Generated by org.testng.reporters.JUnitXMLReporter -->
<testsuite hostname="priya.bajwa" ignored="0" name="Firefox" tests="17" failures="0" timestamp="08 Mar 2019 11:12:36 GMT" time="16.107" errors="0">
  <testcase name="opensNextPage" time="0.147" classname="org.pages.tatoc.GridGate"/>
  <testcase name="proceedToErrorPage" time="0.105" classname="org.pages.tatoc.GridGate"/>
  <testcase name="directlyProceed" time="0.125" classname="org.pages.tatoc.PopupWindows"/>
  <testcase name="launchPopupWindow" time="0.082" classname="org.pages.tatoc.PopupWindows"/>
  <testcase name="launchPopupWithoutValue" time="0.274" classname="org.pages.tatoc.PopupWindows"/>
  <testcase name="popUpWindowWithValue" time="0.225" classname="org.pages.tatoc.PopupWindows"/>
  <testcase name="simpleTest" time="0.003" classname="org.pages.tatoc.AppTest"/>
  <testcase name="boxColourCheck" time="0.25" classname="org.pages.tatoc.FrameDungeon"/>
  <testcase name="clickRepaintBox2" time="0.164" classname="org.pages.tatoc.FrameDungeon"/>
  <testcase name="proceedAfterRepaint" time="0.164" classname="org.pages.tatoc.FrameDungeon"/>
  <testcase name="testmethod" time="0.001" classname="org.pages.tatoc.FrameDungeon"/>
  <testcase name="testmethod" time="0.001" classname="org.pages.tatoc.FrameDungeon"/>
  <testcase name="cookieDirectProceed" time="0.093" classname="org.pages.tatoc.CookieHandlingTest"/>
  <testcase name="cookieGenerateTokenAndProceed" time="0.092" classname="org.pages.tatoc.CookieHandlingTest"/>
  <testcase name="cookieSetProperly" time="0.124" classname="org.pages.tatoc.CookieHandlingTest"/>
  <testcase name="dragBoxOpensNextPage" time="0.548" classname="org.pages.tatoc.DragAndDrop"/>
  <testcase name="dragBoxProceedsToErrorPage" time="0.416" classname="org.pages.tatoc.DragAndDrop"/>
</testsuite> <!-- Firefox -->
