<?xml version="1.0" encoding="UTF-8"?>
<!-- Generated by org.testng.reporters.JUnitXMLReporter -->
<testsuite hostname="priya.bajwa" ignored="0" name="Tatoc Page Testing" tests="14" failures="0" timestamp="07 Mar 2019 09:13:03 GMT" time="16.455" errors="0">
  <testcase name="dragBoxOpensNextPage" time="0.555" classname="org.pages.tatoc.DragAndDrop"/>
  <testcase name="dragBoxProceedsToErrorPage" time="0.427" classname="org.pages.tatoc.DragAndDrop"/>
  <testcase name="directlyProceed" time="0.126" classname="org.pages.tatoc.PopupWindows"/>
  <testcase name="launchPopupWindow" time="0.12" classname="org.pages.tatoc.PopupWindows"/>
  <testcase name="launchPopupWithoutValue" time="0.278" classname="org.pages.tatoc.PopupWindows"/>
  <testcase name="popUpWindowWithValue" time="0.198" classname="org.pages.tatoc.PopupWindows"/>
  <testcase name="opensNextPage" time="0.194" classname="org.pages.tatoc.GridGate"/>
  <testcase name="proceedToErrorPage" time="0.085" classname="org.pages.tatoc.GridGate"/>
  <testcase name="boxColourCheck" time="0.254" classname="org.pages.tatoc.FrameDungeon"/>
  <testcase name="clickRepaintBox2" time="0.188" classname="org.pages.tatoc.FrameDungeon"/>
  <testcase name="proceedAfterRepaint" time="0.163" classname="org.pages.tatoc.FrameDungeon"/>
  <testcase name="cookieDirectProceed" time="0.088" classname="org.pages.tatoc.CookieHandling"/>
  <testcase name="cookieGenerateTokenAndProceed" time="0.106" classname="org.pages.tatoc.CookieHandling"/>
  <testcase name="cookieSetProperly" time="0.127" classname="org.pages.tatoc.CookieHandling"/>
</testsuite> <!-- Tatoc Page Testing -->
