<?xml version="1.0" encoding="UTF-8"?>
<testng-results skipped="0" failed="0" ignored="0" total="4" passed="4">
  <reporter-output>
    <line>
      <![CDATA[When directly click on proceed and it will open an error page.]]>
    </line>
    <line>
      <![CDATA[Generate token and click on proceed and it will open an error page.]]>
    </line>
    <line>
      <![CDATA[Generate token, copy token value and create cookie then click on proceed and it will proceed to next page.]]>
    </line>
  </reporter-output>
  <suite name="Command line suite" duration-ms="2324" started-at="2019-03-08T09:48:55Z" finished-at="2019-03-08T09:48:58Z">
    <groups>
    </groups>
    <test name="Command line test" duration-ms="2324" started-at="2019-03-08T09:48:55Z" finished-at="2019-03-08T09:48:58Z">
      <class name="org.pages.tatoc.AppTest">
        <test-method status="PASS" signature="simpleTest()[pri:0, instance:org.pages.tatoc.AppTest@7a5d012c]" name="simpleTest" duration-ms="1" started-at="2019-03-08T09:48:57Z" finished-at="2019-03-08T09:48:57Z">
          <reporter-output>
          </reporter-output>
        </test-method> <!-- simpleTest -->
      </class> <!-- org.pages.tatoc.AppTest -->
      <class name="org.pages.tatoc.CookieHandlingTest">
        <test-method status="PASS" signature="beforeMethod()[pri:0, instance:org.pages.tatoc.CookieHandlingTest@3cda1055]" name="beforeMethod" is-config="true" duration-ms="1906" started-at="2019-03-08T09:48:55Z" finished-at="2019-03-08T09:48:57Z">
          <reporter-output>
          </reporter-output>
        </test-method> <!-- beforeMethod -->
        <test-method status="PASS" signature="cookieDirectProceed()[pri:0, instance:org.pages.tatoc.CookieHandlingTest@3cda1055]" name="cookieDirectProceed" duration-ms="100" started-at="2019-03-08T09:48:57Z" finished-at="2019-03-08T09:48:57Z">
          <reporter-output>
            <line>
              <![CDATA[When directly click on proceed and it will open an error page.]]>
            </line>
          </reporter-output>
        </test-method> <!-- cookieDirectProceed -->
        <test-method status="PASS" signature="cookieGenerateTokenAndProceed()[pri:0, instance:org.pages.tatoc.CookieHandlingTest@3cda1055]" name="cookieGenerateTokenAndProceed" duration-ms="99" started-at="2019-03-08T09:48:57Z" finished-at="2019-03-08T09:48:57Z">
          <reporter-output>
            <line>
              <![CDATA[Generate token and click on proceed and it will open an error page.]]>
            </line>
          </reporter-output>
        </test-method> <!-- cookieGenerateTokenAndProceed -->
        <test-method status="PASS" signature="cookieSetProperly()[pri:0, instance:org.pages.tatoc.CookieHandlingTest@3cda1055]" name="cookieSetProperly" duration-ms="134" started-at="2019-03-08T09:48:57Z" finished-at="2019-03-08T09:48:58Z">
          <reporter-output>
            <line>
              <![CDATA[Generate token, copy token value and create cookie then click on proceed and it will proceed to next page.]]>
            </line>
          </reporter-output>
        </test-method> <!-- cookieSetProperly -->
        <test-method status="PASS" signature="afterMethod()[pri:0, instance:org.pages.tatoc.CookieHandlingTest@3cda1055]" name="afterMethod" is-config="true" duration-ms="66" started-at="2019-03-08T09:48:58Z" finished-at="2019-03-08T09:48:58Z">
          <reporter-output>
          </reporter-output>
        </test-method> <!-- afterMethod -->
      </class> <!-- org.pages.tatoc.CookieHandlingTest -->
    </test> <!-- Command line test -->
  </suite> <!-- Command line suite -->
</testng-results>
